# JRE version: Java(TM) SE Runtime Environment (8.0_91-b14) (build 1.8.0_91-b14)
# Java VM: Java HotSpot(TM) 64-Bit Server VM (25.91-b14 mixed mode windows-amd64 compressed oops)
Heap:
 PSYoungGen      total 188416K, used 32597K [0x0000000780800000, 0x000000078ce00000, 0x00000007c0000000)
  eden space 177152K, 18% used [0x0000000780800000,0x00000007827d5728,0x000000078b500000)
  from space 11264K, 0% used [0x000000078c300000,0x000000078c300000,0x000000078ce00000)
  to   space 12288K, 0% used [0x000000078b600000,0x000000078b600000,0x000000078c200000)
 ParOldGen       total 78336K, used 16123K [0x0000000701800000, 0x0000000706480000, 0x0000000780800000)
  object space 78336K, 20% used [0x0000000701800000,0x00000007027bef30,0x0000000706480000)
 Metaspace       used 36331K, capacity 37990K, committed 38144K, reserved 1083392K
  class space    used 4780K, capacity 5075K, committed 5120K, reserved 1048576K
GC Heap History (10 events):
Event: 4.343 GC heap before
{Heap before GC invocations=6 (full 1):
 PSYoungGen      total 106496K, used 6382K [0x0000000780800000, 0x0000000787800000, 0x00000007c0000000)
  eden space 98304K, 0% used [0x0000000780800000,0x0000000780800000,0x0000000786800000)
  from space 8192K, 77% used [0x0000000786800000,0x0000000786e3b978,0x0000000787000000)
  to   space 8192K, 0% used [0x0000000787000000,0x0000000787000000,0x0000000787800000)
 ParOldGen       total 131072K, used 48K [0x0000000701800000, 0x0000000709800000, 0x0000000780800000)
  object space 131072K, 0% used [0x0000000701800000,0x000000070180c000,0x0000000709800000)
 Metaspace       used 20157K, capacity 21206K, committed 21296K, reserved 1067008K
  class space    used 2681K, capacity 2903K, committed 2944K, reserved 1048576K
Event: 4.401 GC heap after
Heap after GC invocations=6 (full 1):
 PSYoungGen      total 106496K, used 0K [0x0000000780800000, 0x0000000787800000, 0x00000007c0000000)
  eden space 98304K, 0% used [0x0000000780800000,0x0000000780800000,0x0000000786800000)
  from space 8192K, 0% used [0x0000000786800000,0x0000000786800000,0x0000000787000000)
  to   space 8192K, 0% used [0x0000000787000000,0x0000000787000000,0x0000000787800000)
 ParOldGen       total 59904K, used 6284K [0x0000000701800000, 0x0000000705280000, 0x0000000780800000)
  object space 59904K, 10% used [0x0000000701800000,0x0000000701e23140,0x0000000705280000)
 Metaspace       used 20157K, capacity 21206K, committed 21296K, reserved 1067008K
  class space    used 2681K, capacity 2903K, committed 2944K, reserved 1048576K
}
Event: 11.413 GC heap before
{Heap before GC invocations=7 (full 1):
 PSYoungGen      total 106496K, used 98304K [0x0000000780800000, 0x0000000787800000, 0x00000007c0000000)
  eden space 98304K, 100% used [0x0000000780800000,0x0000000786800000,0x0000000786800000)
  from space 8192K, 0% used [0x0000000786800000,0x0000000786800000,0x0000000787000000)
  to   space 8192K, 0% used [0x0000000787000000,0x0000000787000000,0x0000000787800000)
 ParOldGen       total 59904K, used 6284K [0x0000000701800000, 0x0000000705280000, 0x0000000780800000)
  object space 59904K, 10% used [0x0000000701800000,0x0000000701e23140,0x0000000705280000)
 Metaspace       used 28087K, capacity 29460K, committed 29568K, reserved 1075200K
  class space    used 3682K, capacity 3958K, committed 3968K, reserved 1048576K
Event: 11.423 GC heap after
Heap after GC invocations=7 (full 1):
 PSYoungGen      total 103936K, used 8168K [0x0000000780800000, 0x000000078d380000, 0x00000007c0000000)
  eden space 95744K, 0% used [0x0000000780800000,0x0000000780800000,0x0000000786580000)
  from space 8192K, 99% used [0x0000000787000000,0x00000007877fa300,0x0000000787800000)
  to   space 10752K, 0% used [0x0000000786580000,0x0000000786580000,0x0000000787000000)
 ParOldGen       total 59904K, used 8950K [0x0000000701800000, 0x0000000705280000, 0x0000000780800000)
  object space 59904K, 14% used [0x0000000701800000,0x00000007020bd910,0x0000000705280000)
 Metaspace       used 28087K, capacity 29460K, committed 29568K, reserved 1075200K
  class space    used 3682K, capacity 3958K, committed 3968K, reserved 1048576K
}
Event: 12.515 GC heap before
{Heap before GC invocations=8 (full 1):
 PSYoungGen      total 103936K, used 103912K [0x0000000780800000, 0x000000078d380000, 0x00000007c0000000)
  eden space 95744K, 100% used [0x0000000780800000,0x0000000786580000,0x0000000786580000)
  from space 8192K, 99% used [0x0000000787000000,0x00000007877fa300,0x0000000787800000)
  to   space 10752K, 0% used [0x0000000786580000,0x0000000786580000,0x0000000787000000)
 ParOldGen       total 59904K, used 8950K [0x0000000701800000, 0x0000000705280000, 0x0000000780800000)
  object space 59904K, 14% used [0x0000000701800000,0x00000007020bd910,0x0000000705280000)
 Metaspace       used 30559K, capacity 32050K, committed 32256K, reserved 1077248K
  class space    used 4009K, capacity 4291K, committed 4352K, reserved 1048576K
Event: 12.528 GC heap after
Heap after GC invocations=8 (full 1):
 PSYoungGen      total 106496K, used 9979K [0x0000000780800000, 0x000000078ce80000, 0x00000007c0000000)
  eden space 95744K, 0% used [0x0000000780800000,0x0000000780800000,0x0000000786580000)
  from space 10752K, 92% used [0x0000000786580000,0x0000000786f3ee48,0x0000000787000000)
  to   space 11776K, 0% used [0x000000078c300000,0x000000078c300000,0x000000078ce80000)
 ParOldGen       total 59904K, used 8958K [0x0000000701800000, 0x0000000705280000, 0x0000000780800000)
  object space 59904K, 14% used [0x0000000701800000,0x00000007020bf910,0x0000000705280000)
 Metaspace       used 30559K, capacity 32050K, committed 32256K, reserved 1077248K
  class space    used 4009K, capacity 4291K, committed 4352K, reserved 1048576K
}
Event: 13.387 GC heap before
{Heap before GC invocations=9 (full 1):
 PSYoungGen      total 106496K, used 75192K [0x0000000780800000, 0x000000078ce80000, 0x00000007c0000000)
  eden space 95744K, 68% used [0x0000000780800000,0x00000007847af598,0x0000000786580000)
  from space 10752K, 92% used [0x0000000786580000,0x0000000786f3ee48,0x0000000787000000)
  to   space 11776K, 0% used [0x000000078c300000,0x000000078c300000,0x000000078ce80000)
 ParOldGen       total 59904K, used 8958K [0x0000000701800000, 0x0000000705280000, 0x0000000780800000)
  object space 59904K, 14% used [0x0000000701800000,0x00000007020bf910,0x0000000705280000)
 Metaspace       used 33793K, capacity 35408K, committed 35496K, reserved 1079296K
  class space    used 4485K, capacity 4816K, committed 4864K, reserved 1048576K
Event: 13.403 GC heap after
Heap after GC invocations=9 (full 1):
 PSYoungGen      total 188416K, used 10943K [0x0000000780800000, 0x000000078ce00000, 0x00000007c0000000)
  eden space 177152K, 0% used [0x0000000780800000,0x0000000780800000,0x000000078b500000)
  from space 11264K, 97% used [0x000000078c300000,0x000000078cdaff38,0x000000078ce00000)
  to   space 12288K, 0% used [0x000000078b600000,0x000000078b600000,0x000000078c200000)
 ParOldGen       total 59904K, used 8966K [0x0000000701800000, 0x0000000705280000, 0x0000000780800000)
  object space 59904K, 14% used [0x0000000701800000,0x00000007020c1910,0x0000000705280000)
 Metaspace       used 33793K, capacity 35408K, committed 35496K, reserved 1079296K
  class space    used 4485K, capacity 4816K, committed 4864K, reserved 1048576K
}
Event: 13.403 GC heap before
{Heap before GC invocations=10 (full 2):
 PSYoungGen      total 188416K, used 10943K [0x0000000780800000, 0x000000078ce00000, 0x00000007c0000000)
  eden space 177152K, 0% used [0x0000000780800000,0x0000000780800000,0x000000078b500000)
  from space 11264K, 97% used [0x000000078c300000,0x000000078cdaff38,0x000000078ce00000)
  to   space 12288K, 0% used [0x000000078b600000,0x000000078b600000,0x000000078c200000)
 ParOldGen       total 59904K, used 8966K [0x0000000701800000, 0x0000000705280000, 0x0000000780800000)
  object space 59904K, 14% used [0x0000000701800000,0x00000007020c1910,0x0000000705280000)
 Metaspace       used 33793K, capacity 35408K, committed 35496K, reserved 1079296K
  class space    used 4485K, capacity 4816K, committed 4864K, reserved 1048576K
Event: 13.482 GC heap after
Heap after GC invocations=10 (full 2):
 PSYoungGen      total 188416K, used 0K [0x0000000780800000, 0x000000078ce00000, 0x00000007c0000000)
  eden space 177152K, 0% used [0x0000000780800000,0x0000000780800000,0x000000078b500000)
  from space 11264K, 0% used [0x000000078c300000,0x000000078c300000,0x000000078ce00000)
  to   space 12288K, 0% used [0x000000078b600000,0x000000078b600000,0x000000078c200000)
 ParOldGen       total 78336K, used 16123K [0x0000000701800000, 0x0000000706480000, 0x0000000780800000)
  object space 78336K, 20% used [0x0000000701800000,0x00000007027bef30,0x0000000706480000)
 Metaspace       used 33790K, capacity 35400K, committed 35496K, reserved 1079296K
  class space    used 4484K, capacity 4814K, committed 4864K, reserved 1048576K
}

